# JRE version: Java(TM) SE Runtime Environment (8.0_144-b01) (build 1.8.0_144-b01)
# Java VM: Java HotSpot(TM) Client VM (25.144-b01 mixed mode windows-x86 )
Heap:
 def new generation   total 62656K, used 54001K [0x04c00000, 0x08ff0000, 0x0f6a0000)
  eden space 55744K,  96% used [0x04c00000, 0x080bbbe0, 0x08270000)
  from space 6912K,   0% used [0x08270000, 0x082708c8, 0x08930000)
  to   space 6912K,   0% used [0x08930000, 0x08930000, 0x08ff0000)
 tenured generation   total 138976K, used 109322K [0x0f6a0000, 0x17e58000, 0x24c00000)
   the space 138976K,  78% used [0x0f6a0000, 0x16162930, 0x16162a00, 0x17e58000)
 Metaspace       used 19328K, capacity 19802K, committed 19968K, reserved 20864K
GC Heap History (10 events):
Event: 501982.943 GC heap before
{Heap before GC invocations=3085 (full 3):
 def new generation   total 62656K, used 55745K [0x04c00000, 0x08ff0000, 0x0f6a0000)
  eden space 55744K, 100% used [0x04c00000, 0x08270000, 0x08270000)
  from space 6912K,   0% used [0x08930000, 0x089306f8, 0x08ff0000)
  to   space 6912K,   0% used [0x08270000, 0x08270000, 0x08930000)
 tenured generation   total 138976K, used 109322K [0x0f6a0000, 0x17e58000, 0x24c00000)
   the space 138976K,  78% used [0x0f6a0000, 0x16162930, 0x16162a00, 0x17e58000)
 Metaspace       used 19328K, capacity 19802K, committed 19968K, reserved 20864K
Event: 501982.944 GC heap after
Heap after GC invocations=3086 (full 3):
 def new generation   total 62656K, used 5K [0x04c00000, 0x08ff0000, 0x0f6a0000)
  eden space 55744K,   0% used [0x04c00000, 0x04c00000, 0x08270000)
  from space 6912K,   0% used [0x08270000, 0x08271590, 0x08930000)
  to   space 6912K,   0% used [0x08930000, 0x08930000, 0x08ff0000)
 tenured generation   total 138976K, used 109322K [0x0f6a0000, 0x17e58000, 0x24c00000)
   the space 138976K,  78% used [0x0f6a0000, 0x16162930, 0x16162a00, 0x17e58000)
 Metaspace       used 19328K, capacity 19802K, committed 19968K, reserved 20864K
}
Event: 502244.041 GC heap before
{Heap before GC invocations=3086 (full 3):
 def new generation   total 62656K, used 55749K [0x04c00000, 0x08ff0000, 0x0f6a0000)
  eden space 55744K, 100% used [0x04c00000, 0x08270000, 0x08270000)
  from space 6912K,   0% used [0x08270000, 0x08271590, 0x08930000)
  to   space 6912K,   0% used [0x08930000, 0x08930000, 0x08ff0000)
 tenured generation   total 138976K, used 109322K [0x0f6a0000, 0x17e58000, 0x24c00000)
   the space 138976K,  78% used [0x0f6a0000, 0x16162930, 0x16162a00, 0x17e58000)
 Metaspace       used 19328K, capacity 19802K, committed 19968K, reserved 20864K
Event: 502244.042 GC heap after
Heap after GC invocations=3087 (full 3):
 def new generation   total 62656K, used 2K [0x04c00000, 0x08ff0000, 0x0f6a0000)
  eden space 55744K,   0% used [0x04c00000, 0x04c00000, 0x08270000)
  from space 6912K,   0% used [0x08930000, 0x08930948, 0x08ff0000)
  to   space 6912K,   0% used [0x08270000, 0x08270000, 0x08930000)
 tenured generation   total 138976K, used 109322K [0x0f6a0000, 0x17e58000, 0x24c00000)
   the space 138976K,  78% used [0x0f6a0000, 0x16162930, 0x16162a00, 0x17e58000)
 Metaspace       used 19328K, capacity 19802K, committed 19968K, reserved 20864K
}
Event: 502509.235 GC heap before
{Heap before GC invocations=3087 (full 3):
 def new generation   total 62656K, used 55746K [0x04c00000, 0x08ff0000, 0x0f6a0000)
  eden space 55744K, 100% used [0x04c00000, 0x08270000, 0x08270000)
  from space 6912K,   0% used [0x08930000, 0x08930948, 0x08ff0000)
  to   space 6912K,   0% used [0x08270000, 0x08270000, 0x08930000)
 tenured generation   total 138976K, used 109322K [0x0f6a0000, 0x17e58000, 0x24c00000)
   the space 138976K,  78% used [0x0f6a0000, 0x16162930, 0x16162a00, 0x17e58000)
 Metaspace       used 19328K, capacity 19802K, committed 19968K, reserved 20864K
Event: 502509.237 GC heap after
Heap after GC invocations=3088 (full 3):
 def new generation   total 62656K, used 2K [0x04c00000, 0x08ff0000, 0x0f6a0000)
  eden space 55744K,   0% used [0x04c00000, 0x04c00000, 0x08270000)
  from space 6912K,   0% used [0x08270000, 0x082708c8, 0x08930000)
  to   space 6912K,   0% used [0x08930000, 0x08930000, 0x08ff0000)
 tenured generation   total 138976K, used 109322K [0x0f6a0000, 0x17e58000, 0x24c00000)
   the space 138976K,  78% used [0x0f6a0000, 0x16162930, 0x16162a00, 0x17e58000)
 Metaspace       used 19328K, capacity 19802K, committed 19968K, reserved 20864K
}
Event: 502775.787 GC heap before
{Heap before GC invocations=3088 (full 3):
 def new generation   total 62656K, used 55746K [0x04c00000, 0x08ff0000, 0x0f6a0000)
  eden space 55744K, 100% used [0x04c00000, 0x08270000, 0x08270000)
  from space 6912K,   0% used [0x08270000, 0x082708c8, 0x08930000)
  to   space 6912K,   0% used [0x08930000, 0x08930000, 0x08ff0000)
 tenured generation   total 138976K, used 109322K [0x0f6a0000, 0x17e58000, 0x24c00000)
   the space 138976K,  78% used [0x0f6a0000, 0x16162930, 0x16162a00, 0x17e58000)
 Metaspace       used 19328K, capacity 19802K, committed 19968K, reserved 20864K
Event: 502775.788 GC heap after
Heap after GC invocations=3089 (full 3):
 def new generation   total 62656K, used 1K [0x04c00000, 0x08ff0000, 0x0f6a0000)
  eden space 55744K,   0% used [0x04c00000, 0x04c00000, 0x08270000)
  from space 6912K,   0% used [0x08930000, 0x08930630, 0x08ff0000)
  to   space 6912K,   0% used [0x08270000, 0x08270000, 0x08930000)
 tenured generation   total 138976K, used 109322K [0x0f6a0000, 0x17e58000, 0x24c00000)
   the space 138976K,  78% used [0x0f6a0000, 0x16162930, 0x16162a00, 0x17e58000)
 Metaspace       used 19328K, capacity 19802K, committed 19968K, reserved 20864K
}
Event: 503039.040 GC heap before
{Heap before GC invocations=3089 (full 3):
 def new generation   total 62656K, used 55745K [0x04c00000, 0x08ff0000, 0x0f6a0000)
  eden space 55744K, 100% used [0x04c00000, 0x08270000, 0x08270000)
  from space 6912K,   0% used [0x08930000, 0x08930630, 0x08ff0000)
  to   space 6912K,   0% used [0x08270000, 0x08270000, 0x08930000)
 tenured generation   total 138976K, used 109322K [0x0f6a0000, 0x17e58000, 0x24c00000)
   the space 138976K,  78% used [0x0f6a0000, 0x16162930, 0x16162a00, 0x17e58000)
 Metaspace       used 19328K, capacity 19802K, committed 19968K, reserved 20864K
Event: 503039.042 GC heap after
Heap after GC invocations=3090 (full 3):
 def new generation   total 62656K, used 2K [0x04c00000, 0x08ff0000, 0x0f6a0000)
  eden space 55744K,   0% used [0x04c00000, 0x04c00000, 0x08270000)
  from space 6912K,   0% used [0x08270000, 0x082708c8, 0x08930000)
  to   space 6912K,   0% used [0x08930000, 0x08930000, 0x08ff0000)
 tenured generation   total 138976K, used 109322K [0x0f6a0000, 0x17e58000, 0x24c00000)
   the space 138976K,  78% used [0x0f6a0000, 0x16162930, 0x16162a00, 0x17e58000)
 Metaspace       used 19328K, capacity 19802K, committed 19968K, reserved 20864K
}

